20190815 00:02:54.960 [restartedMain] INFO c.k.p.PreTestApplication - Starting PreTestApplication on DESKTOP-ENKA0AL with PID 55040 (C:\Workspace\PreTest\bin\main started by HS-HOME in C:\Workspace\PreTest) 
20190815 00:02:54.976 [restartedMain] INFO c.k.p.PreTestApplication - No active profile set, falling back to default profiles: default 
20190815 00:03:00.230 [restartedMain] INFO c.k.p.PreTestApplication - Started PreTestApplication in 6.044 seconds (JVM running for 7.912) 
20190815 00:03:54.207 [restartedMain] INFO c.k.p.PreTestApplication - Starting PreTestApplication on DESKTOP-ENKA0AL with PID 15112 (C:\Workspace\PreTest\bin\main started by HS-HOME in C:\Workspace\PreTest) 
20190815 00:03:54.214 [restartedMain] INFO c.k.p.PreTestApplication - No active profile set, falling back to default profiles: default 
20190815 00:03:57.663 [restartedMain] INFO c.k.p.PreTestApplication - Started PreTestApplication in 4.184 seconds (JVM running for 5.438) 
20190815 00:04:03.089 [http-nio-80-exec-4] INFO c.z.h.HikariDataSource - HikariPool-1 - Starting... 
20190815 00:04:08.690 [http-nio-80-exec-4] INFO c.z.h.HikariDataSource - HikariPool-1 - Start completed. 
20190815 00:30:28.791 [Thread-7] INFO c.z.h.HikariDataSource - HikariPool-1 - Shutdown initiated... 
20190815 00:30:28.823 [Thread-7] INFO c.z.h.HikariDataSource - HikariPool-1 - Shutdown completed. 
20190815 00:30:29.225 [restartedMain] INFO c.k.p.PreTestApplication - Starting PreTestApplication on DESKTOP-ENKA0AL with PID 15112 (C:\Workspace\PreTest\bin\main started by HS-HOME in C:\Workspace\PreTest) 
20190815 00:30:29.225 [restartedMain] INFO c.k.p.PreTestApplication - No active profile set, falling back to default profiles: default 
20190815 00:30:30.225 [restartedMain] INFO c.k.p.PreTestApplication - Started PreTestApplication in 1.062 seconds (JVM running for 1598.006) 
20190815 23:26:14.337 [restartedMain] INFO c.k.p.PreTestApplication - Starting PreTestApplication on DESKTOP-ENKA0AL with PID 3468 (C:\Workspace\PreTest\bin\main started by HS-HOME in C:\Workspace\PreTest) 
20190815 23:26:14.353 [restartedMain] INFO c.k.p.PreTestApplication - No active profile set, falling back to default profiles: default 
20190815 23:26:18.212 [restartedMain] INFO c.k.p.PreTestApplication - Started PreTestApplication in 4.707 seconds (JVM running for 8.262) 
20190815 23:26:42.928 [http-nio-80-exec-7] INFO c.z.h.HikariDataSource - HikariPool-1 - Starting... 
20190815 23:26:46.731 [http-nio-80-exec-7] INFO c.z.h.HikariDataSource - HikariPool-1 - Start completed. 
20190815 23:27:23.681 [http-nio-80-exec-4] ERROR o.a.c.c.C.[.[.[.[dispatcherServlet] - Servlet.service() for servlet [dispatcherServlet] in context with path [] threw exception [Request processing failed; nested exception is java.lang.NullPointerException] with root cause 
java.lang.NullPointerException: null
	at com.kakao.pay.controller.HomeController.originUrlGET(HomeController.java:153)
	at sun.reflect.NativeMethodAccessorImpl.invoke0(Native Method)
	at sun.reflect.NativeMethodAccessorImpl.invoke(Unknown Source)
	at sun.reflect.DelegatingMethodAccessorImpl.invoke(Unknown Source)
	at java.lang.reflect.Method.invoke(Unknown Source)
	at org.springframework.web.method.support.InvocableHandlerMethod.doInvoke(InvocableHandlerMethod.java:190)
	at org.springframework.web.method.support.InvocableHandlerMethod.invokeForRequest(InvocableHandlerMethod.java:138)
	at org.springframework.web.servlet.mvc.method.annotation.ServletInvocableHandlerMethod.invokeAndHandle(ServletInvocableHandlerMethod.java:104)
	at org.springframework.web.servlet.mvc.method.annotation.RequestMappingHandlerAdapter.invokeHandlerMethod(RequestMappingHandlerAdapter.java:892)
	at org.springframework.web.servlet.mvc.method.annotation.RequestMappingHandlerAdapter.handleInternal(RequestMappingHandlerAdapter.java:797)
	at org.springframework.web.servlet.mvc.method.AbstractHandlerMethodAdapter.handle(AbstractHandlerMethodAdapter.java:87)
	at org.springframework.web.servlet.DispatcherServlet.doDispatch(DispatcherServlet.java:1039)
	at org.springframework.web.servlet.DispatcherServlet.doService(DispatcherServlet.java:942)
	at org.springframework.web.servlet.FrameworkServlet.processRequest(FrameworkServlet.java:1005)
	at org.springframework.web.servlet.FrameworkServlet.doGet(FrameworkServlet.java:897)
	at javax.servlet.http.HttpServlet.service(HttpServlet.java:634)
	at org.springframework.web.servlet.FrameworkServlet.service(FrameworkServlet.java:882)
	at javax.servlet.http.HttpServlet.service(HttpServlet.java:741)
	at org.apache.catalina.core.ApplicationFilterChain.internalDoFilter(ApplicationFilterChain.java:231)
	at org.apache.catalina.core.ApplicationFilterChain.doFilter(ApplicationFilterChain.java:166)
	at org.apache.tomcat.websocket.server.WsFilter.doFilter(WsFilter.java:53)
	at org.apache.catalina.core.ApplicationFilterChain.internalDoFilter(ApplicationFilterChain.java:193)
	at org.apache.catalina.core.ApplicationFilterChain.doFilter(ApplicationFilterChain.java:166)
	at org.springframework.web.filter.RequestContextFilter.doFilterInternal(RequestContextFilter.java:99)
	at org.springframework.web.filter.OncePerRequestFilter.doFilter(OncePerRequestFilter.java:118)
	at org.apache.catalina.core.ApplicationFilterChain.internalDoFilter(ApplicationFilterChain.java:193)
	at org.apache.catalina.core.ApplicationFilterChain.doFilter(ApplicationFilterChain.java:166)
	at org.springframework.web.filter.FormContentFilter.doFilterInternal(FormContentFilter.java:92)
	at org.springframework.web.filter.OncePerRequestFilter.doFilter(OncePerRequestFilter.java:118)
	at org.apache.catalina.core.ApplicationFilterChain.internalDoFilter(ApplicationFilterChain.java:193)
	at org.apache.catalina.core.ApplicationFilterChain.doFilter(ApplicationFilterChain.java:166)
	at org.springframework.web.filter.HiddenHttpMethodFilter.doFilterInternal(HiddenHttpMethodFilter.java:93)
	at org.springframework.web.filter.OncePerRequestFilter.doFilter(OncePerRequestFilter.java:118)
	at org.apache.catalina.core.ApplicationFilterChain.internalDoFilter(ApplicationFilterChain.java:193)
	at org.apache.catalina.core.ApplicationFilterChain.doFilter(ApplicationFilterChain.java:166)
	at org.springframework.web.filter.CharacterEncodingFilter.doFilterInternal(CharacterEncodingFilter.java:200)
	at org.springframework.web.filter.OncePerRequestFilter.doFilter(OncePerRequestFilter.java:118)
	at org.apache.catalina.core.ApplicationFilterChain.internalDoFilter(ApplicationFilterChain.java:193)
	at org.apache.catalina.core.ApplicationFilterChain.doFilter(ApplicationFilterChain.java:166)
	at org.apache.catalina.core.StandardWrapperValve.invoke(StandardWrapperValve.java:202)
	at org.apache.catalina.core.StandardContextValve.invoke(StandardContextValve.java:96)
	at org.apache.catalina.authenticator.AuthenticatorBase.invoke(AuthenticatorBase.java:490)
	at org.apache.catalina.core.StandardHostValve.invoke(StandardHostValve.java:139)
	at org.apache.catalina.valves.ErrorReportValve.invoke(ErrorReportValve.java:92)
	at org.apache.catalina.core.StandardEngineValve.invoke(StandardEngineValve.java:74)
	at org.apache.catalina.connector.CoyoteAdapter.service(CoyoteAdapter.java:343)
	at org.apache.coyote.http11.Http11Processor.service(Http11Processor.java:408)
	at org.apache.coyote.AbstractProcessorLight.process(AbstractProcessorLight.java:66)
	at org.apache.coyote.AbstractProtocol$ConnectionHandler.process(AbstractProtocol.java:853)
	at org.apache.tomcat.util.net.NioEndpoint$SocketProcessor.doRun(NioEndpoint.java:1587)
	at org.apache.tomcat.util.net.SocketProcessorBase.run(SocketProcessorBase.java:49)
	at java.util.concurrent.ThreadPoolExecutor.runWorker(Unknown Source)
	at java.util.concurrent.ThreadPoolExecutor$Worker.run(Unknown Source)
	at org.apache.tomcat.util.threads.TaskThread$WrappingRunnable.run(TaskThread.java:61)
	at java.lang.Thread.run(Unknown Source)
20190815 23:29:06.373 [http-nio-80-exec-8] ERROR o.a.c.c.C.[.[.[.[dispatcherServlet] - Servlet.service() for servlet [dispatcherServlet] in context with path [] threw exception [Request processing failed; nested exception is java.lang.NullPointerException] with root cause 
java.lang.NullPointerException: null
	at com.kakao.pay.controller.HomeController.originUrlGET(HomeController.java:153)
	at sun.reflect.NativeMethodAccessorImpl.invoke0(Native Method)
	at sun.reflect.NativeMethodAccessorImpl.invoke(Unknown Source)
	at sun.reflect.DelegatingMethodAccessorImpl.invoke(Unknown Source)
	at java.lang.reflect.Method.invoke(Unknown Source)
	at org.springframework.web.method.support.InvocableHandlerMethod.doInvoke(InvocableHandlerMethod.java:190)
	at org.springframework.web.method.support.InvocableHandlerMethod.invokeForRequest(InvocableHandlerMethod.java:138)
	at org.springframework.web.servlet.mvc.method.annotation.ServletInvocableHandlerMethod.invokeAndHandle(ServletInvocableHandlerMethod.java:104)
	at org.springframework.web.servlet.mvc.method.annotation.RequestMappingHandlerAdapter.invokeHandlerMethod(RequestMappingHandlerAdapter.java:892)
	at org.springframework.web.servlet.mvc.method.annotation.RequestMappingHandlerAdapter.handleInternal(RequestMappingHandlerAdapter.java:797)
	at org.springframework.web.servlet.mvc.method.AbstractHandlerMethodAdapter.handle(AbstractHandlerMethodAdapter.java:87)
	at org.springframework.web.servlet.DispatcherServlet.doDispatch(DispatcherServlet.java:1039)
	at org.springframework.web.servlet.DispatcherServlet.doService(DispatcherServlet.java:942)
	at org.springframework.web.servlet.FrameworkServlet.processRequest(FrameworkServlet.java:1005)
	at org.springframework.web.servlet.FrameworkServlet.doGet(FrameworkServlet.java:897)
	at javax.servlet.http.HttpServlet.service(HttpServlet.java:634)
	at org.springframework.web.servlet.FrameworkServlet.service(FrameworkServlet.java:882)
	at javax.servlet.http.HttpServlet.service(HttpServlet.java:741)
	at org.apache.catalina.core.ApplicationFilterChain.internalDoFilter(ApplicationFilterChain.java:231)
	at org.apache.catalina.core.ApplicationFilterChain.doFilter(ApplicationFilterChain.java:166)
	at org.apache.tomcat.websocket.server.WsFilter.doFilter(WsFilter.java:53)
	at org.apache.catalina.core.ApplicationFilterChain.internalDoFilter(ApplicationFilterChain.java:193)
	at org.apache.catalina.core.ApplicationFilterChain.doFilter(ApplicationFilterChain.java:166)
	at org.springframework.web.filter.RequestContextFilter.doFilterInternal(RequestContextFilter.java:99)
	at org.springframework.web.filter.OncePerRequestFilter.doFilter(OncePerRequestFilter.java:118)
	at org.apache.catalina.core.ApplicationFilterChain.internalDoFilter(ApplicationFilterChain.java:193)
	at org.apache.catalina.core.ApplicationFilterChain.doFilter(ApplicationFilterChain.java:166)
	at org.springframework.web.filter.FormContentFilter.doFilterInternal(FormContentFilter.java:92)
	at org.springframework.web.filter.OncePerRequestFilter.doFilter(OncePerRequestFilter.java:118)
	at org.apache.catalina.core.ApplicationFilterChain.internalDoFilter(ApplicationFilterChain.java:193)
	at org.apache.catalina.core.ApplicationFilterChain.doFilter(ApplicationFilterChain.java:166)
	at org.springframework.web.filter.HiddenHttpMethodFilter.doFilterInternal(HiddenHttpMethodFilter.java:93)
	at org.springframework.web.filter.OncePerRequestFilter.doFilter(OncePerRequestFilter.java:118)
	at org.apache.catalina.core.ApplicationFilterChain.internalDoFilter(ApplicationFilterChain.java:193)
	at org.apache.catalina.core.ApplicationFilterChain.doFilter(ApplicationFilterChain.java:166)
	at org.springframework.web.filter.CharacterEncodingFilter.doFilterInternal(CharacterEncodingFilter.java:200)
	at org.springframework.web.filter.OncePerRequestFilter.doFilter(OncePerRequestFilter.java:118)
	at org.apache.catalina.core.ApplicationFilterChain.internalDoFilter(ApplicationFilterChain.java:193)
	at org.apache.catalina.core.ApplicationFilterChain.doFilter(ApplicationFilterChain.java:166)
	at org.apache.catalina.core.StandardWrapperValve.invoke(StandardWrapperValve.java:202)
	at org.apache.catalina.core.StandardContextValve.invoke(StandardContextValve.java:96)
	at org.apache.catalina.authenticator.AuthenticatorBase.invoke(AuthenticatorBase.java:490)
	at org.apache.catalina.core.StandardHostValve.invoke(StandardHostValve.java:139)
	at org.apache.catalina.valves.ErrorReportValve.invoke(ErrorReportValve.java:92)
	at org.apache.catalina.core.StandardEngineValve.invoke(StandardEngineValve.java:74)
	at org.apache.catalina.connector.CoyoteAdapter.service(CoyoteAdapter.java:343)
	at org.apache.coyote.http11.Http11Processor.service(Http11Processor.java:408)
	at org.apache.coyote.AbstractProcessorLight.process(AbstractProcessorLight.java:66)
	at org.apache.coyote.AbstractProtocol$ConnectionHandler.process(AbstractProtocol.java:853)
	at org.apache.tomcat.util.net.NioEndpoint$SocketProcessor.doRun(NioEndpoint.java:1587)
	at org.apache.tomcat.util.net.SocketProcessorBase.run(SocketProcessorBase.java:49)
	at java.util.concurrent.ThreadPoolExecutor.runWorker(Unknown Source)
	at java.util.concurrent.ThreadPoolExecutor$Worker.run(Unknown Source)
	at org.apache.tomcat.util.threads.TaskThread$WrappingRunnable.run(TaskThread.java:61)
	at java.lang.Thread.run(Unknown Source)
20190815 23:30:28.763 [Thread-7] INFO c.z.h.HikariDataSource - HikariPool-1 - Shutdown initiated... 
20190815 23:30:28.793 [Thread-7] INFO c.z.h.HikariDataSource - HikariPool-1 - Shutdown completed. 
20190815 23:30:29.483 [restartedMain] INFO c.k.p.PreTestApplication - Starting PreTestApplication on DESKTOP-ENKA0AL with PID 3468 (C:\Workspace\PreTest\bin\main started by HS-HOME in C:\Workspace\PreTest) 
20190815 23:30:29.483 [restartedMain] INFO c.k.p.PreTestApplication - No active profile set, falling back to default profiles: default 
20190815 23:30:30.498 [restartedMain] INFO c.k.p.PreTestApplication - Started PreTestApplication in 1.093 seconds (JVM running for 260.552) 
20190815 23:32:20.413 [http-nio-80-exec-7] INFO c.z.h.HikariDataSource - HikariPool-2 - Starting... 
20190815 23:32:23.740 [http-nio-80-exec-7] INFO c.z.h.HikariDataSource - HikariPool-2 - Start completed. 
20190815 23:38:26.766 [Thread-16] INFO c.z.h.HikariDataSource - HikariPool-2 - Shutdown initiated... 
20190815 23:38:26.792 [Thread-16] INFO c.z.h.HikariDataSource - HikariPool-2 - Shutdown completed. 
20190815 23:38:27.463 [restartedMain] INFO c.k.p.PreTestApplication - Starting PreTestApplication on DESKTOP-ENKA0AL with PID 3468 (C:\Workspace\PreTest\bin\main started by HS-HOME in C:\Workspace\PreTest) 
20190815 23:38:27.464 [restartedMain] INFO c.k.p.PreTestApplication - No active profile set, falling back to default profiles: default 
20190815 23:38:28.745 [restartedMain] INFO c.k.p.PreTestApplication - Started PreTestApplication in 1.345 seconds (JVM running for 738.796) 
20190815 23:38:33.708 [http-nio-80-exec-4] INFO c.z.h.HikariDataSource - HikariPool-3 - Starting... 
20190815 23:38:37.614 [http-nio-80-exec-4] INFO c.z.h.HikariDataSource - HikariPool-3 - Start completed. 
20190815 23:48:33.357 [Thread-23] INFO c.z.h.HikariDataSource - HikariPool-3 - Shutdown initiated... 
20190815 23:48:33.388 [Thread-23] INFO c.z.h.HikariDataSource - HikariPool-3 - Shutdown completed. 
20190815 23:48:34.045 [restartedMain] INFO c.k.p.PreTestApplication - Starting PreTestApplication on DESKTOP-ENKA0AL with PID 3468 (C:\Workspace\PreTest\bin\main started by HS-HOME in C:\Workspace\PreTest) 
20190815 23:48:34.046 [restartedMain] INFO c.k.p.PreTestApplication - No active profile set, falling back to default profiles: default 
20190815 23:48:34.893 [restartedMain] ERROR o.s.b.SpringApplication - Application run failed 
org.springframework.beans.factory.BeanCreationException: Error creating bean with name 'requestMappingHandlerMapping' defined in class path resource [org/springframework/boot/autoconfigure/web/servlet/WebMvcAutoConfiguration$EnableWebMvcConfiguration.class]: Invocation of init method failed; nested exception is java.lang.IllegalStateException: Invalid mapping on handler class [com.kakao.pay.controller.HomeController]: public org.springframework.http.ResponseEntity com.kakao.pay.controller.HomeController.originUrlGET(org.springframework.ui.Model,java.lang.String) throws java.lang.Exception
	at org.springframework.beans.factory.support.AbstractAutowireCapableBeanFactory.initializeBean(AbstractAutowireCapableBeanFactory.java:1778)
	at org.springframework.beans.factory.support.AbstractAutowireCapableBeanFactory.doCreateBean(AbstractAutowireCapableBeanFactory.java:593)
	at org.springframework.beans.factory.support.AbstractAutowireCapableBeanFactory.createBean(AbstractAutowireCapableBeanFactory.java:515)
	at org.springframework.beans.factory.support.AbstractBeanFactory.lambda$doGetBean$0(AbstractBeanFactory.java:320)
	at org.springframework.beans.factory.support.DefaultSingletonBeanRegistry.getSingleton(DefaultSingletonBeanRegistry.java:222)
	at org.springframework.beans.factory.support.AbstractBeanFactory.doGetBean(AbstractBeanFactory.java:318)
	at org.springframework.beans.factory.support.AbstractBeanFactory.getBean(AbstractBeanFactory.java:199)
	at org.springframework.beans.factory.support.DefaultListableBeanFactory.preInstantiateSingletons(DefaultListableBeanFactory.java:845)
	at org.springframework.context.support.AbstractApplicationContext.finishBeanFactoryInitialization(AbstractApplicationContext.java:877)
	at org.springframework.context.support.AbstractApplicationContext.refresh(AbstractApplicationContext.java:549)
	at org.springframework.boot.web.servlet.context.ServletWebServerApplicationContext.refresh(ServletWebServerApplicationContext.java:141)
	at org.springframework.boot.SpringApplication.refresh(SpringApplication.java:743)
	at org.springframework.boot.SpringApplication.refreshContext(SpringApplication.java:390)
	at org.springframework.boot.SpringApplication.run(SpringApplication.java:312)
	at org.springframework.boot.SpringApplication.run(SpringApplication.java:1214)
	at org.springframework.boot.SpringApplication.run(SpringApplication.java:1203)
	at com.kakao.pay.PreTestApplication.main(PreTestApplication.java:10)
	at sun.reflect.NativeMethodAccessorImpl.invoke0(Native Method)
	at sun.reflect.NativeMethodAccessorImpl.invoke(Unknown Source)
	at sun.reflect.DelegatingMethodAccessorImpl.invoke(Unknown Source)
	at java.lang.reflect.Method.invoke(Unknown Source)
	at org.springframework.boot.devtools.restart.RestartLauncher.run(RestartLauncher.java:49)
Caused by: java.lang.IllegalStateException: Invalid mapping on handler class [com.kakao.pay.controller.HomeController]: public org.springframework.http.ResponseEntity com.kakao.pay.controller.HomeController.originUrlGET(org.springframework.ui.Model,java.lang.String) throws java.lang.Exception
	at org.springframework.web.servlet.handler.AbstractHandlerMethodMapping.lambda$detectHandlerMethods$0(AbstractHandlerMethodMapping.java:274)
	at org.springframework.core.MethodIntrospector.lambda$selectMethods$0(MethodIntrospector.java:74)
	at org.springframework.util.ReflectionUtils.doWithMethods(ReflectionUtils.java:410)
	at org.springframework.core.MethodIntrospector.selectMethods(MethodIntrospector.java:72)
	at org.springframework.web.servlet.handler.AbstractHandlerMethodMapping.detectHandlerMethods(AbstractHandlerMethodMapping.java:267)
	at org.springframework.web.servlet.handler.AbstractHandlerMethodMapping.processCandidateBean(AbstractHandlerMethodMapping.java:252)
	at org.springframework.web.servlet.handler.AbstractHandlerMethodMapping.initHandlerMethods(AbstractHandlerMethodMapping.java:211)
	at org.springframework.web.servlet.handler.AbstractHandlerMethodMapping.afterPropertiesSet(AbstractHandlerMethodMapping.java:199)
	at org.springframework.web.servlet.mvc.method.annotation.RequestMappingHandlerMapping.afterPropertiesSet(RequestMappingHandlerMapping.java:164)
	at org.springframework.beans.factory.support.AbstractAutowireCapableBeanFactory.invokeInitMethods(AbstractAutowireCapableBeanFactory.java:1837)
	at org.springframework.beans.factory.support.AbstractAutowireCapableBeanFactory.initializeBean(AbstractAutowireCapableBeanFactory.java:1774)
	... 21 common frames omitted
Caused by: org.springframework.http.InvalidMediaTypeException: Invalid mime type "produces="application/json"": Invalid token character '=' in token "produces="application"
	at org.springframework.http.MediaType.parseMediaType(MediaType.java:535)
	at org.springframework.web.servlet.mvc.condition.AbstractMediaTypeExpression.<init>(AbstractMediaTypeExpression.java:51)
	at org.springframework.web.servlet.mvc.condition.ProducesRequestCondition$ProduceMediaTypeExpression.<init>(ProducesRequestCondition.java:316)
	at org.springframework.web.servlet.mvc.condition.ProducesRequestCondition.parseExpressions(ProducesRequestCondition.java:122)
	at org.springframework.web.servlet.mvc.condition.ProducesRequestCondition.<init>(ProducesRequestCondition.java:92)
	at org.springframework.web.servlet.mvc.method.RequestMappingInfo$DefaultBuilder.build(RequestMappingInfo.java:515)
	at org.springframework.web.servlet.mvc.method.annotation.RequestMappingHandlerMapping.createRequestMappingInfo(RequestMappingHandlerMapping.java:315)
	at org.springframework.web.servlet.mvc.method.annotation.RequestMappingHandlerMapping.createRequestMappingInfo(RequestMappingHandlerMapping.java:260)
	at org.springframework.web.servlet.mvc.method.annotation.RequestMappingHandlerMapping.getMappingForMethod(RequestMappingHandlerMapping.java:220)
	at org.springframework.web.servlet.mvc.method.annotation.RequestMappingHandlerMapping.getMappingForMethod(RequestMappingHandlerMapping.java:60)
	at org.springframework.web.servlet.handler.AbstractHandlerMethodMapping.lambda$detectHandlerMethods$0(AbstractHandlerMethodMapping.java:270)
	... 31 common frames omitted
Caused by: org.springframework.util.InvalidMimeTypeException: Invalid mime type "produces="application/json"": Invalid token character '=' in token "produces="application"
	at org.springframework.util.MimeTypeUtils.parseMimeType(MimeTypeUtils.java:248)
	at org.springframework.http.MediaType.parseMediaType(MediaType.java:532)
	... 41 common frames omitted
20190815 23:48:50.725 [restartedMain] INFO c.k.p.PreTestApplication - Starting PreTestApplication on DESKTOP-ENKA0AL with PID 3468 (C:\Workspace\PreTest\bin\main started by HS-HOME in C:\Workspace\PreTest) 
20190815 23:48:50.726 [restartedMain] INFO c.k.p.PreTestApplication - No active profile set, falling back to default profiles: default 
20190815 23:48:51.828 [restartedMain] INFO c.k.p.PreTestApplication - Started PreTestApplication in 1.171 seconds (JVM running for 1361.878) 
20190815 23:48:56.292 [http-nio-80-exec-6] INFO c.z.h.HikariDataSource - HikariPool-4 - Starting... 
20190815 23:49:00.654 [http-nio-80-exec-6] INFO c.z.h.HikariDataSource - HikariPool-4 - Start completed. 
20190815 23:52:06.656 [Thread-30] INFO c.z.h.HikariDataSource - HikariPool-4 - Shutdown initiated... 
20190815 23:52:06.675 [Thread-30] INFO c.z.h.HikariDataSource - HikariPool-4 - Shutdown completed. 
20190815 23:52:07.347 [restartedMain] INFO c.k.p.PreTestApplication - Starting PreTestApplication on DESKTOP-ENKA0AL with PID 3468 (C:\Workspace\PreTest\bin\main started by HS-HOME in C:\Workspace\PreTest) 
20190815 23:52:07.347 [restartedMain] INFO c.k.p.PreTestApplication - No active profile set, falling back to default profiles: default 
20190815 23:52:08.334 [restartedMain] INFO c.k.p.PreTestApplication - Started PreTestApplication in 1.051 seconds (JVM running for 1558.384) 
20190815 23:52:16.359 [http-nio-80-exec-7] INFO c.z.h.HikariDataSource - HikariPool-5 - Starting... 
20190815 23:52:21.376 [http-nio-80-exec-7] INFO c.z.h.HikariDataSource - HikariPool-5 - Start completed. 
20190815 23:53:53.520 [Thread-40] INFO c.z.h.HikariDataSource - HikariPool-5 - Shutdown initiated... 
20190815 23:53:53.553 [Thread-40] INFO c.z.h.HikariDataSource - HikariPool-5 - Shutdown completed. 
20190815 23:54:01.529 [restartedMain] INFO c.k.p.PreTestApplication - Starting PreTestApplication on DESKTOP-ENKA0AL with PID 3468 (C:\Workspace\PreTest\bin\main started by HS-HOME in C:\Workspace\PreTest) 
20190815 23:54:01.530 [restartedMain] INFO c.k.p.PreTestApplication - No active profile set, falling back to default profiles: default 
20190815 23:54:03.189 [restartedMain] INFO c.k.p.PreTestApplication - Started PreTestApplication in 1.733 seconds (JVM running for 1673.24) 
20190815 23:54:11.898 [http-nio-80-exec-4] INFO c.z.h.HikariDataSource - HikariPool-6 - Starting... 
20190815 23:54:16.859 [http-nio-80-exec-4] INFO c.z.h.HikariDataSource - HikariPool-6 - Start completed. 
20190815 23:55:02.898 [Thread-47] INFO c.z.h.HikariDataSource - HikariPool-6 - Shutdown initiated... 
20190815 23:55:02.925 [Thread-47] INFO c.z.h.HikariDataSource - HikariPool-6 - Shutdown completed. 
20190815 23:55:03.561 [restartedMain] INFO c.k.p.PreTestApplication - Starting PreTestApplication on DESKTOP-ENKA0AL with PID 3468 (C:\Workspace\PreTest\bin\main started by HS-HOME in C:\Workspace\PreTest) 
20190815 23:55:03.562 [restartedMain] INFO c.k.p.PreTestApplication - No active profile set, falling back to default profiles: default 
20190815 23:55:04.464 [restartedMain] INFO c.k.p.PreTestApplication - Started PreTestApplication in 0.969 seconds (JVM running for 1734.515) 
